Сборка начата 17.09.2016 17:25:14.
     1>Проект "F:\Workspace\CWork\WebServer\WebServer\WebServer.vcxproj" в узле 2 (целевые объекты Build).
     1>Link:
         F:\Visual Studio 2013\VC\bin\link.exe /ERRORREPORT:PROMPT /OUT:"F:\Workspace\CWork\WebServer\Release\WebServer.exe" /INCREMENTAL:NO /NOLOGO winmm.lib kernel32.lib user32.lib gdi32.lib winspool.lib comdlg32.lib advapi32.lib shell32.lib ole32.lib oleaut32.lib uuid.lib odbc32.lib odbccp32.lib /MANIFEST /MANIFESTUAC:"level='asInvoker' uiAccess='false'" /manifest:embed /DEBUG /PDB:"F:\Workspace\CWork\WebServer\Release\WebServer.pdb" /SUBSYSTEM:CONSOLE /OPT:REF /OPT:ICF /LTCG /TLBID:1 /DYNAMICBASE /NXCOMPAT /IMPLIB:"F:\Workspace\CWork\WebServer\Release\WebServer.lib" /MACHINE:X86 /SAFESEH Release\ejb_main.obj
         Release\rpg_client.obj
         Release\rpg_database.obj
         Release\rpg_location.obj
         Release\rpg.obj
         Release\rpg_network.obj
         Release\socket_main.obj
         Release\stdafx.obj
         Release\main.obj
         Release\thread_main.obj
         Release\util_main.obj
         Создание кода
         Создание кода завершено
         WebServer.vcxproj -> F:\Workspace\CWork\WebServer\Release\WebServer.exe
     1>Сборка проекта "F:\Workspace\CWork\WebServer\WebServer\WebServer.vcxproj" завершена (целевые объекты Build).

Сборка успешно завершена.

Затраченное время: 00:00:02.11
